2016-10-27 15:52:02,062 [Worker-6] INFO  o.e.m.c.i.l.LifecycleMappingFactory - Using org.maven.ide.eclipse.wtp.WarLifecycleMapping lifecycle mapping for MavenProject: com.remind:controller:1.0.0-BUILD-SNAPSHOT @ C:\sts-bundle\final\final_project\pom.xml.
2016-10-27 15:52:03,531 [Worker-6] WARN  o.e.m.c.i.embedder.EclipseLogger - Using platform encoding (MS949 actually) to copy filtered resources, i.e. build is platform dependent!
2016-10-27 15:52:03,538 [Worker-6] INFO  o.e.m.c.i.embedder.EclipseLogger - Copying 1 resource
2016-10-27 15:52:03,556 [Worker-6] WARN  o.e.m.c.i.embedder.EclipseLogger - Using platform encoding (MS949 actually) to copy filtered resources, i.e. build is platform dependent!
2016-10-27 15:52:03,557 [Worker-6] INFO  o.e.m.c.i.embedder.EclipseLogger - Copying 1 resource
2016-10-27 15:52:15,745 [Worker-4] INFO  o.e.m.c.i.p.ProjectConfigurationManager - Update started
2016-10-27 15:52:16,116 [Worker-4] INFO  o.e.m.c.i.l.LifecycleMappingFactory - Using org.maven.ide.eclipse.wtp.WarLifecycleMapping lifecycle mapping for MavenProject: com.remind:controller:1.0.0-BUILD-SNAPSHOT @ C:\sts-bundle\final\final_project\pom.xml.
2016-10-27 15:52:16,987 [Worker-4] INFO  o.e.m.j.i.AbstractJavaProjectConfigurator - Adding source folder /final_project/src/main/java
2016-10-27 15:52:16,987 [Worker-4] INFO  o.e.m.j.i.AbstractJavaProjectConfigurator - Adding resource folder /final_project/src/main/resources
2016-10-27 15:52:16,988 [Worker-4] INFO  o.e.m.j.i.AbstractJavaProjectConfigurator - Adding source folder /final_project/src/test/java
2016-10-27 15:52:16,988 [Worker-4] INFO  o.e.m.j.i.AbstractJavaProjectConfigurator - Adding resource folder /final_project/src/test/resources
2016-10-27 15:52:17,609 [Worker-4] INFO  o.e.m.w.i.f.ResourceFilteringBuildParticipant - Cleaning filtered folder for final_project
2016-10-27 15:52:17,616 [Worker-4] INFO  o.e.m.c.i.p.ProjectConfigurationManager - Update completed: 1 sec
2016-10-27 15:52:19,062 [Worker-10] WARN  o.e.m.c.i.embedder.EclipseLogger - Using platform encoding (MS949 actually) to copy filtered resources, i.e. build is platform dependent!
2016-10-27 15:52:19,064 [Worker-10] INFO  o.e.m.c.i.embedder.EclipseLogger - Copying 1 resource
2016-10-27 15:52:19,070 [Worker-10] WARN  o.e.m.c.i.embedder.EclipseLogger - Using platform encoding (MS949 actually) to copy filtered resources, i.e. build is platform dependent!
2016-10-27 15:52:19,071 [Worker-10] INFO  o.e.m.c.i.embedder.EclipseLogger - Copying 1 resource
2016-10-27 15:52:19,072 [Worker-10] INFO  o.e.m.w.i.f.ResourceFilteringBuildParticipant - Changed resources require a complete clean of filtered resources of final_project
2016-10-27 15:52:19,073 [Worker-10] INFO  o.e.m.w.i.f.ResourceFilteringBuildParticipant - Executing resource filtering for final_project
2016-10-27 15:52:19,091 [Worker-10] WARN  o.e.m.c.i.embedder.EclipseLogger - Using platform encoding (MS949 actually) to copy filtered resources, i.e. build is platform dependent!
2016-10-27 15:52:53,721 [Worker-13] INFO  o.e.m.c.i.l.LifecycleMappingFactory - Using org.maven.ide.eclipse.wtp.WarLifecycleMapping lifecycle mapping for MavenProject: com.remind:controller:1.0.0-BUILD-SNAPSHOT @ C:\sts-bundle\final\final_project\pom.xml.
2016-10-27 15:52:54,116 [Worker-13] WARN  o.e.m.c.i.embedder.EclipseLogger - Using platform encoding (MS949 actually) to copy filtered resources, i.e. build is platform dependent!
2016-10-27 15:52:54,117 [Worker-13] INFO  o.e.m.c.i.embedder.EclipseLogger - Copying 0 resource
2016-10-27 15:52:54,119 [Worker-13] WARN  o.e.m.c.i.embedder.EclipseLogger - Using platform encoding (MS949 actually) to copy filtered resources, i.e. build is platform dependent!
2016-10-27 15:52:54,119 [Worker-13] INFO  o.e.m.c.i.embedder.EclipseLogger - Copying 0 resource
2016-10-27 15:52:54,119 [Worker-13] INFO  o.e.m.w.i.f.ResourceFilteringBuildParticipant - Changed resources require a complete clean of filtered resources of final_project
2016-10-27 15:52:54,120 [Worker-13] INFO  o.e.m.w.i.f.ResourceFilteringBuildParticipant - Executing resource filtering for final_project
2016-10-27 15:52:54,122 [Worker-13] WARN  o.e.m.c.i.embedder.EclipseLogger - Using platform encoding (MS949 actually) to copy filtered resources, i.e. build is platform dependent!
2016-10-27 15:52:55,752 [Worker-11] WARN  o.e.m.c.i.embedder.EclipseLogger - Using platform encoding (MS949 actually) to copy filtered resources, i.e. build is platform dependent!
2016-10-27 15:52:55,757 [Worker-11] INFO  o.e.m.c.i.embedder.EclipseLogger - Copying 1 resource
2016-10-27 15:52:55,764 [Worker-11] WARN  o.e.m.c.i.embedder.EclipseLogger - Using platform encoding (MS949 actually) to copy filtered resources, i.e. build is platform dependent!
2016-10-27 15:52:55,765 [Worker-11] INFO  o.e.m.c.i.embedder.EclipseLogger - Copying 1 resource
2016-10-27 15:52:59,782 [Worker-3] INFO  o.e.m.c.i.p.ProjectConfigurationManager - Update started
2016-10-27 15:52:59,909 [Worker-3] INFO  o.e.m.c.i.l.LifecycleMappingFactory - Using org.maven.ide.eclipse.wtp.WarLifecycleMapping lifecycle mapping for MavenProject: com.remind:controller:1.0.0-BUILD-SNAPSHOT @ C:\sts-bundle\final\final_project\pom.xml.
2016-10-27 15:53:00,283 [Worker-3] INFO  o.e.m.j.i.AbstractJavaProjectConfigurator - Adding source folder /final_project/src/main/java
2016-10-27 15:53:00,284 [Worker-3] INFO  o.e.m.j.i.AbstractJavaProjectConfigurator - Adding resource folder /final_project/src/main/resources
2016-10-27 15:53:00,284 [Worker-3] INFO  o.e.m.j.i.AbstractJavaProjectConfigurator - Adding source folder /final_project/src/test/java
2016-10-27 15:53:00,284 [Worker-3] INFO  o.e.m.j.i.AbstractJavaProjectConfigurator - Adding resource folder /final_project/src/test/resources
2016-10-27 15:53:00,486 [Worker-3] INFO  o.e.m.w.i.f.ResourceFilteringBuildParticipant - Cleaning filtered folder for final_project
2016-10-27 15:53:00,489 [Worker-3] INFO  o.e.m.c.i.p.ProjectConfigurationManager - Update completed: 0 sec
2016-10-27 15:53:01,133 [Worker-3] WARN  o.e.m.c.i.embedder.EclipseLogger - Using platform encoding (MS949 actually) to copy filtered resources, i.e. build is platform dependent!
2016-10-27 15:53:01,134 [Worker-3] INFO  o.e.m.c.i.embedder.EclipseLogger - Copying 1 resource
2016-10-27 15:53:01,139 [Worker-3] WARN  o.e.m.c.i.embedder.EclipseLogger - Using platform encoding (MS949 actually) to copy filtered resources, i.e. build is platform dependent!
2016-10-27 15:53:01,140 [Worker-3] INFO  o.e.m.c.i.embedder.EclipseLogger - Copying 1 resource
2016-10-27 15:53:01,141 [Worker-3] INFO  o.e.m.w.i.f.ResourceFilteringBuildParticipant - Changed resources require a complete clean of filtered resources of final_project
2016-10-27 15:53:01,142 [Worker-3] INFO  o.e.m.w.i.f.ResourceFilteringBuildParticipant - Executing resource filtering for final_project
2016-10-27 15:53:01,144 [Worker-3] WARN  o.e.m.c.i.embedder.EclipseLogger - Using platform encoding (MS949 actually) to copy filtered resources, i.e. build is platform dependent!
2016-10-27 15:56:25,005 [Worker-19] INFO  o.e.m.c.i.l.LifecycleMappingFactory - Using org.maven.ide.eclipse.wtp.WarLifecycleMapping lifecycle mapping for MavenProject: com.remind:controller:1.0.0-BUILD-SNAPSHOT @ C:\sts-bundle\final\final_project\pom.xml.
2016-10-27 15:56:25,010 [Worker-19] WARN  o.e.m.c.i.embedder.EclipseLogger - The POM for org.springframework:spring-webmvc:jar:${spring-framework.version} is missing, no dependency information available
2016-10-27 15:56:25,063 [Worker-19] WARN  o.e.m.c.i.embedder.EclipseLogger - The POM for javax.servlet:javax.servlet-api:jar:${servlet.version} is missing, no dependency information available
2016-10-27 15:56:25,064 [Worker-19] WARN  o.e.m.c.i.embedder.EclipseLogger - The POM for javax.servlet.jsp.jstl:javax.servlet.jsp.jstl-api:jar:${jstl.version} is missing, no dependency information available
2016-10-27 15:56:25,065 [Worker-19] WARN  o.e.m.c.i.embedder.EclipseLogger - The POM for javax.servlet.jsp:javax.servlet.jsp-api:jar:${jsp.version} is missing, no dependency information available
2016-10-27 15:56:25,066 [Worker-19] WARN  o.e.m.c.i.embedder.EclipseLogger - The POM for org.slf4j:slf4j-api:jar:${slf4j.version} is missing, no dependency information available
2016-10-27 15:56:25,067 [Worker-19] WARN  o.e.m.c.i.embedder.EclipseLogger - The POM for ch.qos.logback:logback-classic:jar:${logback.version} is missing, no dependency information available
2016-10-27 15:56:25,072 [Worker-19] WARN  o.e.m.c.i.embedder.EclipseLogger - The POM for org.hibernate:hibernate-entitymanager:jar:${hibernate.version} is missing, no dependency information available
2016-10-27 15:56:25,073 [Worker-19] WARN  o.e.m.c.i.embedder.EclipseLogger - The POM for org.springframework:spring-test:jar:${spring-framework.version} is missing, no dependency information available
2016-10-27 15:56:25,074 [Worker-19] WARN  o.e.m.c.i.embedder.EclipseLogger - The POM for junit:junit:jar:${junit.version} is missing, no dependency information available
2016-10-27 15:56:25,090 [Worker-19] WARN  o.e.m.c.i.embedder.EclipseLogger - The POM for org.springframework:spring-webmvc:jar:${spring-framework.version} is missing, no dependency information available
2016-10-27 15:56:25,133 [Worker-19] WARN  o.e.m.c.i.embedder.EclipseLogger - The POM for javax.servlet:javax.servlet-api:jar:${servlet.version} is missing, no dependency information available
2016-10-27 15:56:25,134 [Worker-19] WARN  o.e.m.c.i.embedder.EclipseLogger - The POM for javax.servlet.jsp.jstl:javax.servlet.jsp.jstl-api:jar:${jstl.version} is missing, no dependency information available
2016-10-27 15:56:25,134 [Worker-19] WARN  o.e.m.c.i.embedder.EclipseLogger - The POM for javax.servlet.jsp:javax.servlet.jsp-api:jar:${jsp.version} is missing, no dependency information available
2016-10-27 15:56:25,135 [Worker-19] WARN  o.e.m.c.i.embedder.EclipseLogger - The POM for org.slf4j:slf4j-api:jar:${slf4j.version} is missing, no dependency information available
2016-10-27 15:56:25,135 [Worker-19] WARN  o.e.m.c.i.embedder.EclipseLogger - The POM for ch.qos.logback:logback-classic:jar:${logback.version} is missing, no dependency information available
2016-10-27 15:56:25,139 [Worker-19] WARN  o.e.m.c.i.embedder.EclipseLogger - The POM for org.hibernate:hibernate-entitymanager:jar:${hibernate.version} is missing, no dependency information available
2016-10-27 15:56:25,140 [Worker-19] WARN  o.e.m.c.i.embedder.EclipseLogger - The POM for org.springframework:spring-test:jar:${spring-framework.version} is missing, no dependency information available
2016-10-27 15:56:25,141 [Worker-19] WARN  o.e.m.c.i.embedder.EclipseLogger - The POM for junit:junit:jar:${junit.version} is missing, no dependency information available
2016-10-27 15:56:25,388 [Worker-19] WARN  o.e.m.c.i.embedder.EclipseLogger - Using platform encoding (MS949 actually) to copy filtered resources, i.e. build is platform dependent!
2016-10-27 15:56:25,389 [Worker-19] INFO  o.e.m.c.i.embedder.EclipseLogger - Copying 0 resource
2016-10-27 15:56:25,391 [Worker-19] WARN  o.e.m.c.i.embedder.EclipseLogger - Using platform encoding (MS949 actually) to copy filtered resources, i.e. build is platform dependent!
2016-10-27 15:56:25,391 [Worker-19] INFO  o.e.m.c.i.embedder.EclipseLogger - Copying 0 resource
2016-10-27 15:56:25,392 [Worker-19] INFO  o.e.m.w.i.f.ResourceFilteringBuildParticipant - Changed resources require a complete clean of filtered resources of final_project
2016-10-27 15:56:25,392 [Worker-19] INFO  o.e.m.w.i.f.ResourceFilteringBuildParticipant - Executing resource filtering for final_project
2016-10-27 15:56:25,395 [Worker-19] WARN  o.e.m.c.i.embedder.EclipseLogger - Using platform encoding (MS949 actually) to copy filtered resources, i.e. build is platform dependent!
2016-10-27 15:56:26,771 [Worker-4] WARN  o.e.m.c.i.embedder.EclipseLogger - The POM for org.springframework:spring-webmvc:jar:${spring-framework.version} is missing, no dependency information available
2016-10-27 15:56:26,913 [Worker-4] WARN  o.e.m.c.i.embedder.EclipseLogger - The POM for javax.servlet:javax.servlet-api:jar:${servlet.version} is missing, no dependency information available
2016-10-27 15:56:26,914 [Worker-4] WARN  o.e.m.c.i.embedder.EclipseLogger - The POM for javax.servlet.jsp.jstl:javax.servlet.jsp.jstl-api:jar:${jstl.version} is missing, no dependency information available
2016-10-27 15:56:26,916 [Worker-4] WARN  o.e.m.c.i.embedder.EclipseLogger - The POM for javax.servlet.jsp:javax.servlet.jsp-api:jar:${jsp.version} is missing, no dependency information available
2016-10-27 15:56:26,926 [Worker-4] WARN  o.e.m.c.i.embedder.EclipseLogger - The POM for org.slf4j:slf4j-api:jar:${slf4j.version} is missing, no dependency information available
2016-10-27 15:56:26,928 [Worker-4] WARN  o.e.m.c.i.embedder.EclipseLogger - The POM for ch.qos.logback:logback-classic:jar:${logback.version} is missing, no dependency information available
2016-10-27 15:56:26,933 [Worker-4] WARN  o.e.m.c.i.embedder.EclipseLogger - The POM for org.hibernate:hibernate-entitymanager:jar:${hibernate.version} is missing, no dependency information available
2016-10-27 15:56:26,934 [Worker-4] WARN  o.e.m.c.i.embedder.EclipseLogger - The POM for org.springframework:spring-test:jar:${spring-framework.version} is missing, no dependency information available
2016-10-27 15:56:26,934 [Worker-4] WARN  o.e.m.c.i.embedder.EclipseLogger - The POM for junit:junit:jar:${junit.version} is missing, no dependency information available
2016-10-27 15:56:26,945 [Worker-4] WARN  o.e.m.c.i.embedder.EclipseLogger - Using platform encoding (MS949 actually) to copy filtered resources, i.e. build is platform dependent!
2016-10-27 15:56:26,945 [Worker-4] INFO  o.e.m.c.i.embedder.EclipseLogger - Copying 0 resource
2016-10-27 15:56:26,946 [Worker-4] WARN  o.e.m.c.i.embedder.EclipseLogger - Using platform encoding (MS949 actually) to copy filtered resources, i.e. build is platform dependent!
2016-10-27 15:56:26,946 [Worker-4] INFO  o.e.m.c.i.embedder.EclipseLogger - Copying 0 resource
2016-10-27 15:56:38,815 [Worker-21] INFO  o.e.m.c.i.l.LifecycleMappingFactory - Using org.maven.ide.eclipse.wtp.WarLifecycleMapping lifecycle mapping for MavenProject: com.remind:controller:1.0.0-BUILD-SNAPSHOT @ C:\sts-bundle\final\final_project\pom.xml.
2016-10-27 15:56:41,519 [Worker-21] INFO  o.e.m.c.i.e.AbstractTransferListenerAdapter - Downloaded https://repo.maven.apache.org/maven2/org/springframework/spring-webmvc/${org.spring-framework.version}/spring-webmvc-${org.spring-framework.version}.pom
2016-10-27 15:56:41,520 [Worker-21] WARN  o.e.m.c.i.embedder.EclipseLogger - The POM for org.springframework:spring-webmvc:jar:${org.spring-framework.version} is missing, no dependency information available
2016-10-27 15:56:41,580 [Worker-21] WARN  o.e.m.c.i.embedder.EclipseLogger - The POM for javax.servlet:javax.servlet-api:jar:${servlet.version} is missing, no dependency information available
2016-10-27 15:56:41,582 [Worker-21] WARN  o.e.m.c.i.embedder.EclipseLogger - The POM for javax.servlet.jsp.jstl:javax.servlet.jsp.jstl-api:jar:${jstl.version} is missing, no dependency information available
2016-10-27 15:56:41,592 [Worker-21] WARN  o.e.m.c.i.embedder.EclipseLogger - The POM for javax.servlet.jsp:javax.servlet.jsp-api:jar:${jsp.version} is missing, no dependency information available
2016-10-27 15:56:41,593 [Worker-21] WARN  o.e.m.c.i.embedder.EclipseLogger - The POM for org.slf4j:slf4j-api:jar:${slf4j.version} is missing, no dependency information available
2016-10-27 15:56:41,594 [Worker-21] WARN  o.e.m.c.i.embedder.EclipseLogger - The POM for ch.qos.logback:logback-classic:jar:${logback.version} is missing, no dependency information available
2016-10-27 15:56:41,599 [Worker-21] WARN  o.e.m.c.i.embedder.EclipseLogger - The POM for org.hibernate:hibernate-entitymanager:jar:${hibernate.version} is missing, no dependency information available
2016-10-27 15:56:41,600 [Worker-21] WARN  o.e.m.c.i.embedder.EclipseLogger - The POM for org.springframework:spring-test:jar:${spring-framework.version} is missing, no dependency information available
2016-10-27 15:56:41,601 [Worker-21] WARN  o.e.m.c.i.embedder.EclipseLogger - The POM for junit:junit:jar:${junit.version} is missing, no dependency information available
2016-10-27 15:56:42,323 [Worker-21] INFO  o.e.m.c.i.e.AbstractTransferListenerAdapter - Downloaded https://repo.maven.apache.org/maven2/org/springframework/spring-webmvc/${org.spring-framework.version}/spring-webmvc-${org.spring-framework.version}.jar
2016-10-27 15:56:42,330 [Worker-21] WARN  o.e.m.c.i.embedder.EclipseLogger - The POM for org.springframework:spring-webmvc:jar:${org.spring-framework.version} is missing, no dependency information available
2016-10-27 15:56:42,431 [Worker-21] WARN  o.e.m.c.i.embedder.EclipseLogger - The POM for javax.servlet:javax.servlet-api:jar:${servlet.version} is missing, no dependency information available
2016-10-27 15:56:42,432 [Worker-21] WARN  o.e.m.c.i.embedder.EclipseLogger - The POM for javax.servlet.jsp.jstl:javax.servlet.jsp.jstl-api:jar:${jstl.version} is missing, no dependency information available
2016-10-27 15:56:42,433 [Worker-21] WARN  o.e.m.c.i.embedder.EclipseLogger - The POM for javax.servlet.jsp:javax.servlet.jsp-api:jar:${jsp.version} is missing, no dependency information available
2016-10-27 15:56:42,434 [Worker-21] WARN  o.e.m.c.i.embedder.EclipseLogger - The POM for org.slf4j:slf4j-api:jar:${slf4j.version} is missing, no dependency information available
2016-10-27 15:56:42,434 [Worker-21] WARN  o.e.m.c.i.embedder.EclipseLogger - The POM for ch.qos.logback:logback-classic:jar:${logback.version} is missing, no dependency information available
2016-10-27 15:56:42,462 [Worker-21] WARN  o.e.m.c.i.embedder.EclipseLogger - The POM for org.hibernate:hibernate-entitymanager:jar:${hibernate.version} is missing, no dependency information available
2016-10-27 15:56:42,462 [Worker-21] WARN  o.e.m.c.i.embedder.EclipseLogger - The POM for org.springframework:spring-test:jar:${spring-framework.version} is missing, no dependency information available
2016-10-27 15:56:42,463 [Worker-21] WARN  o.e.m.c.i.embedder.EclipseLogger - The POM for junit:junit:jar:${junit.version} is missing, no dependency information available
2016-10-27 15:56:42,946 [Worker-21] WARN  o.e.m.c.i.embedder.EclipseLogger - Using platform encoding (MS949 actually) to copy filtered resources, i.e. build is platform dependent!
2016-10-27 15:56:42,950 [Worker-21] INFO  o.e.m.c.i.embedder.EclipseLogger - Copying 0 resource
2016-10-27 15:56:42,951 [Worker-21] WARN  o.e.m.c.i.embedder.EclipseLogger - Using platform encoding (MS949 actually) to copy filtered resources, i.e. build is platform dependent!
2016-10-27 15:56:42,959 [Worker-21] INFO  o.e.m.c.i.embedder.EclipseLogger - Copying 0 resource
2016-10-27 15:56:42,960 [Worker-21] INFO  o.e.m.w.i.f.ResourceFilteringBuildParticipant - Changed resources require a complete clean of filtered resources of final_project
2016-10-27 15:56:42,960 [Worker-21] INFO  o.e.m.w.i.f.ResourceFilteringBuildParticipant - Executing resource filtering for final_project
2016-10-27 15:56:42,964 [Worker-21] WARN  o.e.m.c.i.embedder.EclipseLogger - Using platform encoding (MS949 actually) to copy filtered resources, i.e. build is platform dependent!
2016-10-27 15:56:44,302 [Worker-4] WARN  o.e.m.c.i.embedder.EclipseLogger - The POM for org.springframework:spring-webmvc:jar:${org.spring-framework.version} is missing, no dependency information available
2016-10-27 15:56:44,397 [Worker-4] WARN  o.e.m.c.i.embedder.EclipseLogger - The POM for javax.servlet:javax.servlet-api:jar:${servlet.version} is missing, no dependency information available
2016-10-27 15:56:44,398 [Worker-4] WARN  o.e.m.c.i.embedder.EclipseLogger - The POM for javax.servlet.jsp.jstl:javax.servlet.jsp.jstl-api:jar:${jstl.version} is missing, no dependency information available
2016-10-27 15:56:44,399 [Worker-4] WARN  o.e.m.c.i.embedder.EclipseLogger - The POM for javax.servlet.jsp:javax.servlet.jsp-api:jar:${jsp.version} is missing, no dependency information available
2016-10-27 15:56:44,400 [Worker-4] WARN  o.e.m.c.i.embedder.EclipseLogger - The POM for org.slf4j:slf4j-api:jar:${slf4j.version} is missing, no dependency information available
2016-10-27 15:56:44,402 [Worker-4] WARN  o.e.m.c.i.embedder.EclipseLogger - The POM for ch.qos.logback:logback-classic:jar:${logback.version} is missing, no dependency information available
2016-10-27 15:56:44,407 [Worker-4] WARN  o.e.m.c.i.embedder.EclipseLogger - The POM for org.hibernate:hibernate-entitymanager:jar:${hibernate.version} is missing, no dependency information available
2016-10-27 15:56:44,408 [Worker-4] WARN  o.e.m.c.i.embedder.EclipseLogger - The POM for org.springframework:spring-test:jar:${spring-framework.version} is missing, no dependency information available
2016-10-27 15:56:44,409 [Worker-4] WARN  o.e.m.c.i.embedder.EclipseLogger - The POM for junit:junit:jar:${junit.version} is missing, no dependency information available
2016-10-27 15:56:44,570 [Worker-4] WARN  o.e.m.c.i.embedder.EclipseLogger - Using platform encoding (MS949 actually) to copy filtered resources, i.e. build is platform dependent!
2016-10-27 15:56:44,571 [Worker-4] INFO  o.e.m.c.i.embedder.EclipseLogger - Copying 0 resource
2016-10-27 15:56:44,575 [Worker-4] WARN  o.e.m.c.i.embedder.EclipseLogger - Using platform encoding (MS949 actually) to copy filtered resources, i.e. build is platform dependent!
2016-10-27 15:56:44,577 [Worker-4] INFO  o.e.m.c.i.embedder.EclipseLogger - Copying 0 resource
2016-10-27 15:56:57,721 [Worker-21] INFO  o.e.m.c.i.l.LifecycleMappingFactory - Using org.maven.ide.eclipse.wtp.WarLifecycleMapping lifecycle mapping for MavenProject: com.remind:controller:1.0.0-BUILD-SNAPSHOT @ C:\sts-bundle\final\final_project\pom.xml.
2016-10-27 15:56:58,316 [Worker-21] INFO  o.e.m.c.i.e.AbstractTransferListenerAdapter - Downloaded https://repo.maven.apache.org/maven2/org/springframework/spring-webmvc/${org.springframework.version}/spring-webmvc-${org.springframework.version}.pom
2016-10-27 15:56:58,317 [Worker-21] WARN  o.e.m.c.i.embedder.EclipseLogger - The POM for org.springframework:spring-webmvc:jar:${org.springframework.version} is missing, no dependency information available
2016-10-27 15:56:58,381 [Worker-21] WARN  o.e.m.c.i.embedder.EclipseLogger - The POM for javax.servlet:javax.servlet-api:jar:${servlet.version} is missing, no dependency information available
2016-10-27 15:56:58,382 [Worker-21] WARN  o.e.m.c.i.embedder.EclipseLogger - The POM for javax.servlet.jsp.jstl:javax.servlet.jsp.jstl-api:jar:${jstl.version} is missing, no dependency information available
2016-10-27 15:56:58,383 [Worker-21] WARN  o.e.m.c.i.embedder.EclipseLogger - The POM for javax.servlet.jsp:javax.servlet.jsp-api:jar:${jsp.version} is missing, no dependency information available
2016-10-27 15:56:58,387 [Worker-21] WARN  o.e.m.c.i.embedder.EclipseLogger - The POM for org.slf4j:slf4j-api:jar:${slf4j.version} is missing, no dependency information available
2016-10-27 15:56:58,388 [Worker-21] WARN  o.e.m.c.i.embedder.EclipseLogger - The POM for ch.qos.logback:logback-classic:jar:${logback.version} is missing, no dependency information available
2016-10-27 15:56:58,394 [Worker-21] WARN  o.e.m.c.i.embedder.EclipseLogger - The POM for org.hibernate:hibernate-entitymanager:jar:${hibernate.version} is missing, no dependency information available
2016-10-27 15:56:58,395 [Worker-21] WARN  o.e.m.c.i.embedder.EclipseLogger - The POM for org.springframework:spring-test:jar:${spring-framework.version} is missing, no dependency information available
2016-10-27 15:56:58,396 [Worker-21] WARN  o.e.m.c.i.embedder.EclipseLogger - The POM for junit:junit:jar:${junit.version} is missing, no dependency information available
2016-10-27 15:56:59,002 [Worker-21] INFO  o.e.m.c.i.e.AbstractTransferListenerAdapter - Downloaded https://repo.maven.apache.org/maven2/org/springframework/spring-webmvc/${org.springframework.version}/spring-webmvc-${org.springframework.version}.jar
2016-10-27 15:56:59,009 [Worker-21] WARN  o.e.m.c.i.embedder.EclipseLogger - The POM for org.springframework:spring-webmvc:jar:${org.springframework.version} is missing, no dependency information available
2016-10-27 15:56:59,050 [Worker-21] WARN  o.e.m.c.i.embedder.EclipseLogger - The POM for javax.servlet:javax.servlet-api:jar:${servlet.version} is missing, no dependency information available
2016-10-27 15:56:59,051 [Worker-21] WARN  o.e.m.c.i.embedder.EclipseLogger - The POM for javax.servlet.jsp.jstl:javax.servlet.jsp.jstl-api:jar:${jstl.version} is missing, no dependency information available
2016-10-27 15:56:59,052 [Worker-21] WARN  o.e.m.c.i.embedder.EclipseLogger - The POM for javax.servlet.jsp:javax.servlet.jsp-api:jar:${jsp.version} is missing, no dependency information available
2016-10-27 15:56:59,052 [Worker-21] WARN  o.e.m.c.i.embedder.EclipseLogger - The POM for org.slf4j:slf4j-api:jar:${slf4j.version} is missing, no dependency information available
2016-10-27 15:56:59,053 [Worker-21] WARN  o.e.m.c.i.embedder.EclipseLogger - The POM for ch.qos.logback:logback-classic:jar:${logback.version} is missing, no dependency information available
2016-10-27 15:56:59,057 [Worker-21] WARN  o.e.m.c.i.embedder.EclipseLogger - The POM for org.hibernate:hibernate-entitymanager:jar:${hibernate.version} is missing, no dependency information available
2016-10-27 15:56:59,058 [Worker-21] WARN  o.e.m.c.i.embedder.EclipseLogger - The POM for org.springframework:spring-test:jar:${spring-framework.version} is missing, no dependency information available
2016-10-27 15:56:59,059 [Worker-21] WARN  o.e.m.c.i.embedder.EclipseLogger - The POM for junit:junit:jar:${junit.version} is missing, no dependency information available
2016-10-27 15:56:59,314 [Worker-21] WARN  o.e.m.c.i.embedder.EclipseLogger - Using platform encoding (MS949 actually) to copy filtered resources, i.e. build is platform dependent!
2016-10-27 15:56:59,315 [Worker-21] INFO  o.e.m.c.i.embedder.EclipseLogger - Copying 0 resource
2016-10-27 15:56:59,316 [Worker-21] WARN  o.e.m.c.i.embedder.EclipseLogger - Using platform encoding (MS949 actually) to copy filtered resources, i.e. build is platform dependent!
2016-10-27 15:56:59,317 [Worker-21] INFO  o.e.m.c.i.embedder.EclipseLogger - Copying 0 resource
2016-10-27 15:56:59,317 [Worker-21] INFO  o.e.m.w.i.f.ResourceFilteringBuildParticipant - Changed resources require a complete clean of filtered resources of final_project
2016-10-27 15:56:59,317 [Worker-21] INFO  o.e.m.w.i.f.ResourceFilteringBuildParticipant - Executing resource filtering for final_project
2016-10-27 15:56:59,319 [Worker-21] WARN  o.e.m.c.i.embedder.EclipseLogger - Using platform encoding (MS949 actually) to copy filtered resources, i.e. build is platform dependent!
2016-10-27 15:57:00,661 [Worker-20] WARN  o.e.m.c.i.embedder.EclipseLogger - The POM for org.springframework:spring-webmvc:jar:${org.springframework.version} is missing, no dependency information available
2016-10-27 15:57:00,772 [Worker-20] WARN  o.e.m.c.i.embedder.EclipseLogger - The POM for javax.servlet:javax.servlet-api:jar:${servlet.version} is missing, no dependency information available
2016-10-27 15:57:00,773 [Worker-20] WARN  o.e.m.c.i.embedder.EclipseLogger - The POM for javax.servlet.jsp.jstl:javax.servlet.jsp.jstl-api:jar:${jstl.version} is missing, no dependency information available
2016-10-27 15:57:00,775 [Worker-20] WARN  o.e.m.c.i.embedder.EclipseLogger - The POM for javax.servlet.jsp:javax.servlet.jsp-api:jar:${jsp.version} is missing, no dependency information available
2016-10-27 15:57:00,776 [Worker-20] WARN  o.e.m.c.i.embedder.EclipseLogger - The POM for org.slf4j:slf4j-api:jar:${slf4j.version} is missing, no dependency information available
2016-10-27 15:57:00,777 [Worker-20] WARN  o.e.m.c.i.embedder.EclipseLogger - The POM for ch.qos.logback:logback-classic:jar:${logback.version} is missing, no dependency information available
2016-10-27 15:57:00,782 [Worker-20] WARN  o.e.m.c.i.embedder.EclipseLogger - The POM for org.hibernate:hibernate-entitymanager:jar:${hibernate.version} is missing, no dependency information available
2016-10-27 15:57:00,783 [Worker-20] WARN  o.e.m.c.i.embedder.EclipseLogger - The POM for org.springframework:spring-test:jar:${spring-framework.version} is missing, no dependency information available
2016-10-27 15:57:00,783 [Worker-20] WARN  o.e.m.c.i.embedder.EclipseLogger - The POM for junit:junit:jar:${junit.version} is missing, no dependency information available
2016-10-27 15:57:00,971 [Worker-20] WARN  o.e.m.c.i.embedder.EclipseLogger - Using platform encoding (MS949 actually) to copy filtered resources, i.e. build is platform dependent!
2016-10-27 15:57:00,972 [Worker-20] INFO  o.e.m.c.i.embedder.EclipseLogger - Copying 0 resource
2016-10-27 15:57:00,973 [Worker-20] WARN  o.e.m.c.i.embedder.EclipseLogger - Using platform encoding (MS949 actually) to copy filtered resources, i.e. build is platform dependent!
2016-10-27 15:57:00,974 [Worker-20] INFO  o.e.m.c.i.embedder.EclipseLogger - Copying 0 resource
2016-10-27 15:57:06,419 [Worker-5] INFO  o.e.m.c.i.l.LifecycleMappingFactory - Using org.maven.ide.eclipse.wtp.WarLifecycleMapping lifecycle mapping for MavenProject: com.remind:controller:1.0.0-BUILD-SNAPSHOT @ C:\sts-bundle\final\final_project\pom.xml.
2016-10-27 15:57:06,476 [Worker-5] WARN  o.e.m.c.i.embedder.EclipseLogger - The POM for javax.servlet:javax.servlet-api:jar:${servlet.version} is missing, no dependency information available
2016-10-27 15:57:06,477 [Worker-5] WARN  o.e.m.c.i.embedder.EclipseLogger - The POM for javax.servlet.jsp.jstl:javax.servlet.jsp.jstl-api:jar:${jstl.version} is missing, no dependency information available
2016-10-27 15:57:06,478 [Worker-5] WARN  o.e.m.c.i.embedder.EclipseLogger - The POM for javax.servlet.jsp:javax.servlet.jsp-api:jar:${jsp.version} is missing, no dependency information available
2016-10-27 15:57:06,479 [Worker-5] WARN  o.e.m.c.i.embedder.EclipseLogger - The POM for org.slf4j:slf4j-api:jar:${slf4j.version} is missing, no dependency information available
2016-10-27 15:57:06,479 [Worker-5] WARN  o.e.m.c.i.embedder.EclipseLogger - The POM for ch.qos.logback:logback-classic:jar:${logback.version} is missing, no dependency information available
2016-10-27 15:57:06,485 [Worker-5] WARN  o.e.m.c.i.embedder.EclipseLogger - The POM for org.hibernate:hibernate-entitymanager:jar:${hibernate.version} is missing, no dependency information available
2016-10-27 15:57:06,486 [Worker-5] WARN  o.e.m.c.i.embedder.EclipseLogger - The POM for org.springframework:spring-test:jar:${spring-framework.version} is missing, no dependency information available
2016-10-27 15:57:06,487 [Worker-5] WARN  o.e.m.c.i.embedder.EclipseLogger - The POM for junit:junit:jar:${junit.version} is missing, no dependency information available
2016-10-27 15:57:06,548 [Worker-5] WARN  o.e.m.c.i.embedder.EclipseLogger - The POM for javax.servlet:javax.servlet-api:jar:${servlet.version} is missing, no dependency information available
2016-10-27 15:57:06,549 [Worker-5] WARN  o.e.m.c.i.embedder.EclipseLogger - The POM for javax.servlet.jsp.jstl:javax.servlet.jsp.jstl-api:jar:${jstl.version} is missing, no dependency information available
2016-10-27 15:57:06,550 [Worker-5] WARN  o.e.m.c.i.embedder.EclipseLogger - The POM for javax.servlet.jsp:javax.servlet.jsp-api:jar:${jsp.version} is missing, no dependency information available
2016-10-27 15:57:06,550 [Worker-5] WARN  o.e.m.c.i.embedder.EclipseLogger - The POM for org.slf4j:slf4j-api:jar:${slf4j.version} is missing, no dependency information available
2016-10-27 15:57:06,551 [Worker-5] WARN  o.e.m.c.i.embedder.EclipseLogger - The POM for ch.qos.logback:logback-classic:jar:${logback.version} is missing, no dependency information available
2016-10-27 15:57:06,555 [Worker-5] WARN  o.e.m.c.i.embedder.EclipseLogger - The POM for org.hibernate:hibernate-entitymanager:jar:${hibernate.version} is missing, no dependency information available
2016-10-27 15:57:06,556 [Worker-5] WARN  o.e.m.c.i.embedder.EclipseLogger - The POM for org.springframework:spring-test:jar:${spring-framework.version} is missing, no dependency information available
2016-10-27 15:57:06,557 [Worker-5] WARN  o.e.m.c.i.embedder.EclipseLogger - The POM for junit:junit:jar:${junit.version} is missing, no dependency information available
2016-10-27 15:57:06,828 [Worker-5] WARN  o.e.m.c.i.embedder.EclipseLogger - Using platform encoding (MS949 actually) to copy filtered resources, i.e. build is platform dependent!
2016-10-27 15:57:06,832 [Worker-5] INFO  o.e.m.c.i.embedder.EclipseLogger - Copying 0 resource
2016-10-27 15:57:06,833 [Worker-5] WARN  o.e.m.c.i.embedder.EclipseLogger - Using platform encoding (MS949 actually) to copy filtered resources, i.e. build is platform dependent!
2016-10-27 15:57:06,834 [Worker-5] INFO  o.e.m.c.i.embedder.EclipseLogger - Copying 0 resource
2016-10-27 15:57:06,834 [Worker-5] INFO  o.e.m.w.i.f.ResourceFilteringBuildParticipant - Changed resources require a complete clean of filtered resources of final_project
2016-10-27 15:57:06,834 [Worker-5] INFO  o.e.m.w.i.f.ResourceFilteringBuildParticipant - Executing resource filtering for final_project
2016-10-27 15:57:06,836 [Worker-5] WARN  o.e.m.c.i.embedder.EclipseLogger - Using platform encoding (MS949 actually) to copy filtered resources, i.e. build is platform dependent!
2016-10-27 15:57:08,299 [Worker-22] WARN  o.e.m.c.i.embedder.EclipseLogger - The POM for javax.servlet:javax.servlet-api:jar:${servlet.version} is missing, no dependency information available
2016-10-27 15:57:08,300 [Worker-22] WARN  o.e.m.c.i.embedder.EclipseLogger - The POM for javax.servlet.jsp.jstl:javax.servlet.jsp.jstl-api:jar:${jstl.version} is missing, no dependency information available
2016-10-27 15:57:08,301 [Worker-22] WARN  o.e.m.c.i.embedder.EclipseLogger - The POM for javax.servlet.jsp:javax.servlet.jsp-api:jar:${jsp.version} is missing, no dependency information available
2016-10-27 15:57:08,302 [Worker-22] WARN  o.e.m.c.i.embedder.EclipseLogger - The POM for org.slf4j:slf4j-api:jar:${slf4j.version} is missing, no dependency information available
2016-10-27 15:57:08,303 [Worker-22] WARN  o.e.m.c.i.embedder.EclipseLogger - The POM for ch.qos.logback:logback-classic:jar:${logback.version} is missing, no dependency information available
2016-10-27 15:57:08,308 [Worker-22] WARN  o.e.m.c.i.embedder.EclipseLogger - The POM for org.hibernate:hibernate-entitymanager:jar:${hibernate.version} is missing, no dependency information available
2016-10-27 15:57:08,309 [Worker-22] WARN  o.e.m.c.i.embedder.EclipseLogger - The POM for org.springframework:spring-test:jar:${spring-framework.version} is missing, no dependency information available
2016-10-27 15:57:08,310 [Worker-22] WARN  o.e.m.c.i.embedder.EclipseLogger - The POM for junit:junit:jar:${junit.version} is missing, no dependency information available
2016-10-27 15:57:08,382 [Worker-22] WARN  o.e.m.c.i.embedder.EclipseLogger - Using platform encoding (MS949 actually) to copy filtered resources, i.e. build is platform dependent!
2016-10-27 15:57:08,384 [Worker-22] INFO  o.e.m.c.i.embedder.EclipseLogger - Copying 0 resource
2016-10-27 15:57:08,385 [Worker-22] WARN  o.e.m.c.i.embedder.EclipseLogger - Using platform encoding (MS949 actually) to copy filtered resources, i.e. build is platform dependent!
2016-10-27 15:57:08,385 [Worker-22] INFO  o.e.m.c.i.embedder.EclipseLogger - Copying 0 resource
2016-10-27 15:58:12,454 [Worker-24] INFO  o.e.m.c.i.l.LifecycleMappingFactory - Using org.maven.ide.eclipse.wtp.WarLifecycleMapping lifecycle mapping for MavenProject: com.remind:controller:1.0.0-BUILD-SNAPSHOT @ C:\sts-bundle\final\final_project\pom.xml.
2016-10-27 15:58:12,823 [Worker-24] WARN  o.e.m.c.i.embedder.EclipseLogger - Using platform encoding (MS949 actually) to copy filtered resources, i.e. build is platform dependent!
2016-10-27 15:58:12,824 [Worker-24] INFO  o.e.m.c.i.embedder.EclipseLogger - Copying 0 resource
2016-10-27 15:58:12,827 [Worker-24] WARN  o.e.m.c.i.embedder.EclipseLogger - Using platform encoding (MS949 actually) to copy filtered resources, i.e. build is platform dependent!
2016-10-27 15:58:12,831 [Worker-24] INFO  o.e.m.c.i.embedder.EclipseLogger - Copying 0 resource
2016-10-27 15:58:12,831 [Worker-24] INFO  o.e.m.w.i.f.ResourceFilteringBuildParticipant - Changed resources require a complete clean of filtered resources of final_project
2016-10-27 15:58:12,831 [Worker-24] INFO  o.e.m.w.i.f.ResourceFilteringBuildParticipant - Executing resource filtering for final_project
2016-10-27 15:58:12,834 [Worker-24] WARN  o.e.m.c.i.embedder.EclipseLogger - Using platform encoding (MS949 actually) to copy filtered resources, i.e. build is platform dependent!
2016-10-27 15:58:14,406 [Worker-18] WARN  o.e.m.c.i.embedder.EclipseLogger - Using platform encoding (MS949 actually) to copy filtered resources, i.e. build is platform dependent!
2016-10-27 15:58:14,408 [Worker-18] INFO  o.e.m.c.i.embedder.EclipseLogger - Copying 1 resource
2016-10-27 15:58:14,413 [Worker-18] WARN  o.e.m.c.i.embedder.EclipseLogger - Using platform encoding (MS949 actually) to copy filtered resources, i.e. build is platform dependent!
2016-10-27 15:58:14,414 [Worker-18] INFO  o.e.m.c.i.embedder.EclipseLogger - Copying 1 resource
2016-10-27 15:58:47,795 [Worker-25] INFO  o.e.m.c.i.l.LifecycleMappingFactory - Using org.maven.ide.eclipse.wtp.WarLifecycleMapping lifecycle mapping for MavenProject: org.springframework.samples.service.service:final:0.0.1-SNAPSHOT @ C:\sts-bundle\final\final_project\pom.xml.
2016-10-27 15:58:48,349 [Worker-25] INFO  o.e.m.c.i.embedder.EclipseLogger - Using 'UTF-8' encoding to copy filtered resources.
2016-10-27 15:58:48,350 [Worker-25] INFO  o.e.m.c.i.embedder.EclipseLogger - Copying 0 resource
2016-10-27 15:58:48,351 [Worker-25] INFO  o.e.m.c.i.embedder.EclipseLogger - Using 'UTF-8' encoding to copy filtered resources.
2016-10-27 15:58:48,351 [Worker-25] INFO  o.e.m.c.i.embedder.EclipseLogger - Copying 0 resource
2016-10-27 15:58:48,351 [Worker-25] INFO  o.e.m.w.i.f.ResourceFilteringBuildParticipant - Changed resources require a complete clean of filtered resources of final_project
2016-10-27 15:58:48,351 [Worker-25] INFO  o.e.m.w.i.f.ResourceFilteringBuildParticipant - Executing resource filtering for final_project
2016-10-27 15:58:48,353 [Worker-25] INFO  o.e.m.c.i.embedder.EclipseLogger - Using 'UTF-8' encoding to copy filtered resources.
2016-10-27 15:58:50,001 [Worker-23] INFO  o.e.m.c.i.embedder.EclipseLogger - Using 'UTF-8' encoding to copy filtered resources.
2016-10-27 15:58:50,003 [Worker-23] INFO  o.e.m.c.i.embedder.EclipseLogger - Copying 1 resource
2016-10-27 15:58:50,008 [Worker-23] INFO  o.e.m.c.i.embedder.EclipseLogger - Using 'UTF-8' encoding to copy filtered resources.
2016-10-27 15:58:50,009 [Worker-23] INFO  o.e.m.c.i.embedder.EclipseLogger - Copying 1 resource
2016-10-27 15:59:12,840 [Worker-21] INFO  o.e.m.c.i.l.LifecycleMappingFactory - Using org.maven.ide.eclipse.wtp.WarLifecycleMapping lifecycle mapping for MavenProject: org.springframework.samples.service.service:final_project:0.0.1-SNAPSHOT @ C:\sts-bundle\final\final_project\pom.xml.
2016-10-27 15:59:13,957 [Worker-21] INFO  o.e.m.c.i.embedder.EclipseLogger - Using 'UTF-8' encoding to copy filtered resources.
2016-10-27 15:59:13,958 [Worker-21] INFO  o.e.m.c.i.embedder.EclipseLogger - Copying 0 resource
2016-10-27 15:59:13,959 [Worker-21] INFO  o.e.m.c.i.embedder.EclipseLogger - Using 'UTF-8' encoding to copy filtered resources.
2016-10-27 15:59:13,959 [Worker-21] INFO  o.e.m.c.i.embedder.EclipseLogger - Copying 0 resource
2016-10-27 15:59:13,959 [Worker-21] INFO  o.e.m.w.i.f.ResourceFilteringBuildParticipant - Changed resources require a complete clean of filtered resources of final_project
2016-10-27 15:59:13,959 [Worker-21] INFO  o.e.m.w.i.f.ResourceFilteringBuildParticipant - Executing resource filtering for final_project
2016-10-27 15:59:13,962 [Worker-21] INFO  o.e.m.c.i.embedder.EclipseLogger - Using 'UTF-8' encoding to copy filtered resources.
2016-10-27 15:59:58,891 [Worker-4] INFO  o.e.m.c.i.l.LifecycleMappingFactory - Using org.maven.ide.eclipse.wtp.WarLifecycleMapping lifecycle mapping for MavenProject: com.remind:controller:1.0.0-BUILD-SNAPSHOT @ C:\sts-bundle\final\final_project\pom.xml.
2016-10-27 15:59:59,256 [Worker-4] INFO  o.e.m.c.i.embedder.EclipseLogger - Using 'UTF-8' encoding to copy filtered resources.
2016-10-27 15:59:59,257 [Worker-4] INFO  o.e.m.c.i.embedder.EclipseLogger - Copying 0 resource
2016-10-27 15:59:59,258 [Worker-4] INFO  o.e.m.c.i.embedder.EclipseLogger - Using 'UTF-8' encoding to copy filtered resources.
2016-10-27 15:59:59,258 [Worker-4] INFO  o.e.m.c.i.embedder.EclipseLogger - Copying 0 resource
2016-10-27 15:59:59,258 [Worker-4] INFO  o.e.m.w.i.f.ResourceFilteringBuildParticipant - Changed resources require a complete clean of filtered resources of final_project
2016-10-27 15:59:59,258 [Worker-4] INFO  o.e.m.w.i.f.ResourceFilteringBuildParticipant - Executing resource filtering for final_project
2016-10-27 15:59:59,260 [Worker-4] INFO  o.e.m.c.i.embedder.EclipseLogger - Using 'UTF-8' encoding to copy filtered resources.
2016-10-27 16:00:17,239 [Worker-20] INFO  o.e.m.c.i.p.ProjectConfigurationManager - Update started
2016-10-27 16:00:17,361 [Worker-20] INFO  o.e.m.c.i.l.LifecycleMappingFactory - Using org.maven.ide.eclipse.wtp.WarLifecycleMapping lifecycle mapping for MavenProject: com.remind:controller:1.0.0-BUILD-SNAPSHOT @ C:\sts-bundle\final\final_project\pom.xml.
2016-10-27 16:00:17,733 [Worker-20] INFO  o.e.m.j.i.AbstractJavaProjectConfigurator - Adding source folder /final_project/src/main/java
2016-10-27 16:00:17,733 [Worker-20] INFO  o.e.m.j.i.AbstractJavaProjectConfigurator - Adding resource folder /final_project/src/main/resources
2016-10-27 16:00:17,735 [Worker-20] INFO  o.e.m.j.i.AbstractJavaProjectConfigurator - Adding source folder /final_project/src/test/java
2016-10-27 16:00:17,735 [Worker-20] INFO  o.e.m.j.i.AbstractJavaProjectConfigurator - Adding resource folder /final_project/src/test/resources
2016-10-27 16:00:18,055 [Worker-20] INFO  o.e.m.w.i.f.ResourceFilteringBuildParticipant - Cleaning filtered folder for final_project
2016-10-27 16:00:18,060 [Worker-20] INFO  o.e.m.c.i.p.ProjectConfigurationManager - Update completed: 0 sec
2016-10-27 16:00:18,809 [Worker-20] INFO  o.e.m.c.i.embedder.EclipseLogger - Using 'UTF-8' encoding to copy filtered resources.
2016-10-27 16:00:18,809 [Worker-20] INFO  o.e.m.c.i.embedder.EclipseLogger - Copying 1 resource
2016-10-27 16:00:18,818 [Worker-20] INFO  o.e.m.c.i.embedder.EclipseLogger - Using 'UTF-8' encoding to copy filtered resources.
2016-10-27 16:00:18,819 [Worker-20] INFO  o.e.m.c.i.embedder.EclipseLogger - Copying 1 resource
2016-10-27 16:00:18,826 [Worker-20] INFO  o.e.m.w.i.f.ResourceFilteringBuildParticipant - Changed resources require a complete clean of filtered resources of final_project
2016-10-27 16:00:18,826 [Worker-20] INFO  o.e.m.w.i.f.ResourceFilteringBuildParticipant - Executing resource filtering for final_project
2016-10-27 16:00:18,828 [Worker-20] INFO  o.e.m.c.i.embedder.EclipseLogger - Using 'UTF-8' encoding to copy filtered resources.
2016-10-27 16:00:19,309 [Worker-21] INFO  o.e.m.c.i.embedder.EclipseLogger - Using 'UTF-8' encoding to copy filtered resources.
2016-10-27 16:00:19,311 [Worker-21] INFO  o.e.m.c.i.embedder.EclipseLogger - Copying 0 resource
2016-10-27 16:00:19,311 [Worker-21] INFO  o.e.m.c.i.embedder.EclipseLogger - Using 'UTF-8' encoding to copy filtered resources.
2016-10-27 16:00:19,312 [Worker-21] INFO  o.e.m.c.i.embedder.EclipseLogger - Copying 0 resource
2016-10-27 16:00:33,344 [Worker-22] INFO  o.e.m.c.i.l.LifecycleMappingFactory - Using org.maven.ide.eclipse.wtp.WarLifecycleMapping lifecycle mapping for MavenProject: com.remind:controller:1.0.0-BUILD-SNAPSHOT @ C:\sts-bundle\final\final_project\pom.xml.
2016-10-27 16:00:33,664 [Worker-22] WARN  o.e.m.c.i.embedder.EclipseLogger - Using platform encoding (MS949 actually) to copy filtered resources, i.e. build is platform dependent!
2016-10-27 16:00:33,665 [Worker-22] INFO  o.e.m.c.i.embedder.EclipseLogger - Copying 0 resource
2016-10-27 16:00:33,666 [Worker-22] WARN  o.e.m.c.i.embedder.EclipseLogger - Using platform encoding (MS949 actually) to copy filtered resources, i.e. build is platform dependent!
2016-10-27 16:00:33,666 [Worker-22] INFO  o.e.m.c.i.embedder.EclipseLogger - Copying 0 resource
2016-10-27 16:00:33,667 [Worker-22] INFO  o.e.m.w.i.f.ResourceFilteringBuildParticipant - Changed resources require a complete clean of filtered resources of final_project
2016-10-27 16:00:33,667 [Worker-22] INFO  o.e.m.w.i.f.ResourceFilteringBuildParticipant - Executing resource filtering for final_project
2016-10-27 16:00:33,669 [Worker-22] WARN  o.e.m.c.i.embedder.EclipseLogger - Using platform encoding (MS949 actually) to copy filtered resources, i.e. build is platform dependent!
2016-10-27 16:00:35,264 [Worker-27] WARN  o.e.m.c.i.embedder.EclipseLogger - Using platform encoding (MS949 actually) to copy filtered resources, i.e. build is platform dependent!
2016-10-27 16:00:35,266 [Worker-27] INFO  o.e.m.c.i.embedder.EclipseLogger - Copying 1 resource
2016-10-27 16:00:35,272 [Worker-27] WARN  o.e.m.c.i.embedder.EclipseLogger - Using platform encoding (MS949 actually) to copy filtered resources, i.e. build is platform dependent!
2016-10-27 16:00:35,273 [Worker-27] INFO  o.e.m.c.i.embedder.EclipseLogger - Copying 1 resource
2016-10-27 16:00:40,899 [Worker-20] INFO  o.e.m.c.i.p.ProjectConfigurationManager - Update started
2016-10-27 16:00:41,000 [Worker-20] INFO  o.e.m.c.i.l.LifecycleMappingFactory - Using org.maven.ide.eclipse.wtp.WarLifecycleMapping lifecycle mapping for MavenProject: com.remind:controller:1.0.0-BUILD-SNAPSHOT @ C:\sts-bundle\final\final_project\pom.xml.
2016-10-27 16:00:41,318 [Worker-20] INFO  o.e.m.j.i.AbstractJavaProjectConfigurator - Adding source folder /final_project/src/main/java
2016-10-27 16:00:41,318 [Worker-20] INFO  o.e.m.j.i.AbstractJavaProjectConfigurator - Adding resource folder /final_project/src/main/resources
2016-10-27 16:00:41,320 [Worker-20] INFO  o.e.m.j.i.AbstractJavaProjectConfigurator - Adding source folder /final_project/src/test/java
2016-10-27 16:00:41,320 [Worker-20] INFO  o.e.m.j.i.AbstractJavaProjectConfigurator - Adding resource folder /final_project/src/test/resources
2016-10-27 16:00:41,544 [Worker-20] INFO  o.e.m.w.i.f.ResourceFilteringBuildParticipant - Cleaning filtered folder for final_project
2016-10-27 16:00:41,547 [Worker-20] INFO  o.e.m.c.i.p.ProjectConfigurationManager - Update completed: 0 sec
2016-10-27 16:00:42,267 [Worker-18] WARN  o.e.m.c.i.embedder.EclipseLogger - Using platform encoding (MS949 actually) to copy filtered resources, i.e. build is platform dependent!
2016-10-27 16:00:42,267 [Worker-18] INFO  o.e.m.c.i.embedder.EclipseLogger - Copying 1 resource
2016-10-27 16:00:42,272 [Worker-18] WARN  o.e.m.c.i.embedder.EclipseLogger - Using platform encoding (MS949 actually) to copy filtered resources, i.e. build is platform dependent!
2016-10-27 16:00:42,273 [Worker-18] INFO  o.e.m.c.i.embedder.EclipseLogger - Copying 1 resource
2016-10-27 16:00:42,274 [Worker-18] INFO  o.e.m.w.i.f.ResourceFilteringBuildParticipant - Changed resources require a complete clean of filtered resources of final_project
2016-10-27 16:00:42,274 [Worker-18] INFO  o.e.m.w.i.f.ResourceFilteringBuildParticipant - Executing resource filtering for final_project
2016-10-27 16:00:42,276 [Worker-18] WARN  o.e.m.c.i.embedder.EclipseLogger - Using platform encoding (MS949 actually) to copy filtered resources, i.e. build is platform dependent!
2016-10-27 16:00:42,771 [Worker-21] WARN  o.e.m.c.i.embedder.EclipseLogger - Using platform encoding (MS949 actually) to copy filtered resources, i.e. build is platform dependent!
2016-10-27 16:00:42,772 [Worker-21] INFO  o.e.m.c.i.embedder.EclipseLogger - Copying 0 resource
2016-10-27 16:00:42,773 [Worker-21] WARN  o.e.m.c.i.embedder.EclipseLogger - Using platform encoding (MS949 actually) to copy filtered resources, i.e. build is platform dependent!
2016-10-27 16:00:42,774 [Worker-21] INFO  o.e.m.c.i.embedder.EclipseLogger - Copying 0 resource
2016-10-27 16:00:57,793 [Worker-25] INFO  o.e.m.c.i.l.LifecycleMappingFactory - Using org.maven.ide.eclipse.wtp.WarLifecycleMapping lifecycle mapping for MavenProject: com.remind:controller:1.0.0-BUILD-SNAPSHOT @ C:\sts-bundle\final\final_project\pom.xml.
2016-10-27 16:00:58,137 [Worker-25] WARN  o.e.m.c.i.embedder.EclipseLogger - Using platform encoding (MS949 actually) to copy filtered resources, i.e. build is platform dependent!
2016-10-27 16:00:58,138 [Worker-25] INFO  o.e.m.c.i.embedder.EclipseLogger - Copying 0 resource
2016-10-27 16:00:58,139 [Worker-25] WARN  o.e.m.c.i.embedder.EclipseLogger - Using platform encoding (MS949 actually) to copy filtered resources, i.e. build is platform dependent!
2016-10-27 16:00:58,140 [Worker-25] INFO  o.e.m.c.i.embedder.EclipseLogger - Copying 0 resource
2016-10-27 16:00:58,140 [Worker-25] INFO  o.e.m.w.i.f.ResourceFilteringBuildParticipant - Changed resources require a complete clean of filtered resources of final_project
2016-10-27 16:00:58,140 [Worker-25] INFO  o.e.m.w.i.f.ResourceFilteringBuildParticipant - Executing resource filtering for final_project
2016-10-27 16:00:58,142 [Worker-25] WARN  o.e.m.c.i.embedder.EclipseLogger - Using platform encoding (MS949 actually) to copy filtered resources, i.e. build is platform dependent!
2016-10-27 16:01:08,705 [Worker-23] INFO  o.e.m.c.i.p.ProjectConfigurationManager - Update started
2016-10-27 16:01:08,783 [Worker-23] INFO  o.e.m.c.i.l.LifecycleMappingFactory - Using org.maven.ide.eclipse.wtp.WarLifecycleMapping lifecycle mapping for MavenProject: com.remind:controller:1.0.0-BUILD-SNAPSHOT @ C:\sts-bundle\final\final_project\pom.xml.
2016-10-27 16:01:09,073 [Worker-23] INFO  o.e.m.j.i.AbstractJavaProjectConfigurator - Adding source folder /final_project/src/main/java
2016-10-27 16:01:09,073 [Worker-23] INFO  o.e.m.j.i.AbstractJavaProjectConfigurator - Adding resource folder /final_project/src/main/resources
2016-10-27 16:01:09,074 [Worker-23] INFO  o.e.m.j.i.AbstractJavaProjectConfigurator - Adding source folder /final_project/src/test/java
2016-10-27 16:01:09,074 [Worker-23] INFO  o.e.m.j.i.AbstractJavaProjectConfigurator - Adding resource folder /final_project/src/test/resources
2016-10-27 16:01:09,247 [Worker-23] INFO  o.e.m.w.i.f.ResourceFilteringBuildParticipant - Cleaning filtered folder for final_project
2016-10-27 16:01:09,250 [Worker-23] INFO  o.e.m.c.i.p.ProjectConfigurationManager - Update completed: 0 sec
2016-10-27 16:01:09,984 [Worker-27] WARN  o.e.m.c.i.embedder.EclipseLogger - Using platform encoding (MS949 actually) to copy filtered resources, i.e. build is platform dependent!
2016-10-27 16:01:09,985 [Worker-27] INFO  o.e.m.c.i.embedder.EclipseLogger - Copying 1 resource
2016-10-27 16:01:09,989 [Worker-27] WARN  o.e.m.c.i.embedder.EclipseLogger - Using platform encoding (MS949 actually) to copy filtered resources, i.e. build is platform dependent!
2016-10-27 16:01:09,990 [Worker-27] INFO  o.e.m.c.i.embedder.EclipseLogger - Copying 1 resource
2016-10-27 16:01:09,991 [Worker-27] INFO  o.e.m.w.i.f.ResourceFilteringBuildParticipant - Changed resources require a complete clean of filtered resources of final_project
2016-10-27 16:01:09,991 [Worker-27] INFO  o.e.m.w.i.f.ResourceFilteringBuildParticipant - Executing resource filtering for final_project
2016-10-27 16:01:09,993 [Worker-27] WARN  o.e.m.c.i.embedder.EclipseLogger - Using platform encoding (MS949 actually) to copy filtered resources, i.e. build is platform dependent!
2016-10-27 16:01:58,978 [Worker-4] INFO  o.e.m.c.i.p.ProjectConfigurationManager - Update started
2016-10-27 16:01:59,105 [Worker-4] INFO  o.e.m.c.i.l.LifecycleMappingFactory - Using org.maven.ide.eclipse.wtp.WarLifecycleMapping lifecycle mapping for MavenProject: com.remind:controller:1.0.0-BUILD-SNAPSHOT @ C:\sts-bundle\final\final_project\pom.xml.
2016-10-27 16:01:59,439 [Worker-4] INFO  o.e.m.j.i.AbstractJavaProjectConfigurator - Adding source folder /final_project/src/main/java
2016-10-27 16:01:59,440 [Worker-4] INFO  o.e.m.j.i.AbstractJavaProjectConfigurator - Adding resource folder /final_project/src/main/resources
2016-10-27 16:01:59,440 [Worker-4] INFO  o.e.m.j.i.AbstractJavaProjectConfigurator - Adding source folder /final_project/src/test/java
2016-10-27 16:01:59,440 [Worker-4] INFO  o.e.m.j.i.AbstractJavaProjectConfigurator - Adding resource folder /final_project/src/test/resources
2016-10-27 16:01:59,599 [Worker-4] INFO  o.e.m.w.i.f.ResourceFilteringBuildParticipant - Cleaning filtered folder for final_project
2016-10-27 16:01:59,601 [Worker-4] INFO  o.e.m.c.i.p.ProjectConfigurationManager - Update completed: 0 sec
2016-10-27 16:02:00,378 [Worker-20] WARN  o.e.m.c.i.embedder.EclipseLogger - Using platform encoding (MS949 actually) to copy filtered resources, i.e. build is platform dependent!
2016-10-27 16:02:00,379 [Worker-20] INFO  o.e.m.c.i.embedder.EclipseLogger - Copying 1 resource
2016-10-27 16:02:00,385 [Worker-20] WARN  o.e.m.c.i.embedder.EclipseLogger - Using platform encoding (MS949 actually) to copy filtered resources, i.e. build is platform dependent!
2016-10-27 16:02:00,386 [Worker-20] INFO  o.e.m.c.i.embedder.EclipseLogger - Copying 1 resource
2016-10-27 16:02:00,387 [Worker-20] INFO  o.e.m.w.i.f.ResourceFilteringBuildParticipant - Changed resources require a complete clean of filtered resources of final_project
2016-10-27 16:02:00,387 [Worker-20] INFO  o.e.m.w.i.f.ResourceFilteringBuildParticipant - Executing resource filtering for final_project
2016-10-27 16:02:00,389 [Worker-20] WARN  o.e.m.c.i.embedder.EclipseLogger - Using platform encoding (MS949 actually) to copy filtered resources, i.e. build is platform dependent!
2016-10-27 16:05:11,341 [Worker-29] WARN  o.e.m.c.i.embedder.EclipseLogger - Using platform encoding (MS949 actually) to copy filtered resources, i.e. build is platform dependent!
2016-10-27 16:05:11,343 [Worker-29] INFO  o.e.m.c.i.embedder.EclipseLogger - Copying 1 resource
2016-10-27 16:05:11,344 [Worker-29] WARN  o.e.m.c.i.embedder.EclipseLogger - Using platform encoding (MS949 actually) to copy filtered resources, i.e. build is platform dependent!
2016-10-27 16:05:11,345 [Worker-29] INFO  o.e.m.c.i.embedder.EclipseLogger - Copying 0 resource
2016-10-27 16:05:28,196 [Worker-26] WARN  o.e.m.c.i.embedder.EclipseLogger - Using platform encoding (MS949 actually) to copy filtered resources, i.e. build is platform dependent!
2016-10-27 16:05:28,197 [Worker-26] INFO  o.e.m.c.i.embedder.EclipseLogger - Copying 1 resource
2016-10-27 16:05:28,198 [Worker-26] WARN  o.e.m.c.i.embedder.EclipseLogger - Using platform encoding (MS949 actually) to copy filtered resources, i.e. build is platform dependent!
2016-10-27 16:05:28,198 [Worker-26] INFO  o.e.m.c.i.embedder.EclipseLogger - Copying 0 resource
2016-10-27 16:05:53,319 [Worker-4] INFO  o.e.m.c.i.l.LifecycleMappingFactory - Using org.maven.ide.eclipse.wtp.WarLifecycleMapping lifecycle mapping for MavenProject: com.remind:controller:1.0.0-BUILD-SNAPSHOT @ C:\sts-bundle\final\final_project\pom.xml.
2016-10-27 16:05:53,880 [Worker-4] WARN  o.e.m.c.i.embedder.EclipseLogger - Using platform encoding (MS949 actually) to copy filtered resources, i.e. build is platform dependent!
2016-10-27 16:05:53,881 [Worker-4] INFO  o.e.m.c.i.embedder.EclipseLogger - Copying 0 resource
2016-10-27 16:05:53,882 [Worker-4] WARN  o.e.m.c.i.embedder.EclipseLogger - Using platform encoding (MS949 actually) to copy filtered resources, i.e. build is platform dependent!
2016-10-27 16:05:53,883 [Worker-4] INFO  o.e.m.c.i.embedder.EclipseLogger - Copying 0 resource
2016-10-27 16:05:53,883 [Worker-4] INFO  o.e.m.w.i.f.ResourceFilteringBuildParticipant - Changed resources require a complete clean of filtered resources of final_project
2016-10-27 16:05:53,883 [Worker-4] INFO  o.e.m.w.i.f.ResourceFilteringBuildParticipant - Executing resource filtering for final_project
2016-10-27 16:05:53,885 [Worker-4] WARN  o.e.m.c.i.embedder.EclipseLogger - Using platform encoding (MS949 actually) to copy filtered resources, i.e. build is platform dependent!
2016-10-27 16:05:55,545 [Worker-28] WARN  o.e.m.c.i.embedder.EclipseLogger - Using platform encoding (MS949 actually) to copy filtered resources, i.e. build is platform dependent!
2016-10-27 16:05:55,546 [Worker-28] INFO  o.e.m.c.i.embedder.EclipseLogger - Copying 1 resource
2016-10-27 16:05:55,551 [Worker-28] WARN  o.e.m.c.i.embedder.EclipseLogger - Using platform encoding (MS949 actually) to copy filtered resources, i.e. build is platform dependent!
2016-10-27 16:05:55,552 [Worker-28] INFO  o.e.m.c.i.embedder.EclipseLogger - Copying 1 resource
2016-10-27 16:06:00,197 [Worker-26] INFO  o.e.m.c.i.p.ProjectConfigurationManager - Update started
2016-10-27 16:06:00,301 [Worker-26] INFO  o.e.m.c.i.l.LifecycleMappingFactory - Using org.maven.ide.eclipse.wtp.WarLifecycleMapping lifecycle mapping for MavenProject: com.remind:controller:1.0.0-BUILD-SNAPSHOT @ C:\sts-bundle\final\final_project\pom.xml.
2016-10-27 16:06:00,769 [Worker-26] INFO  o.e.m.j.i.AbstractJavaProjectConfigurator - Adding source folder /final_project/src/main/java
2016-10-27 16:06:00,771 [Worker-26] INFO  o.e.m.j.i.AbstractJavaProjectConfigurator - Adding resource folder /final_project/src/main/resources
2016-10-27 16:06:00,772 [Worker-26] INFO  o.e.m.j.i.AbstractJavaProjectConfigurator - Adding source folder /final_project/src/test/java
2016-10-27 16:06:00,772 [Worker-26] INFO  o.e.m.j.i.AbstractJavaProjectConfigurator - Adding resource folder /final_project/src/test/resources
2016-10-27 16:06:01,032 [Worker-26] INFO  o.e.m.w.i.f.ResourceFilteringBuildParticipant - Cleaning filtered folder for final_project
2016-10-27 16:06:01,058 [Worker-26] INFO  o.e.m.c.i.p.ProjectConfigurationManager - Update completed: 0 sec
2016-10-27 16:06:01,856 [Worker-33] WARN  o.e.m.c.i.embedder.EclipseLogger - Using platform encoding (MS949 actually) to copy filtered resources, i.e. build is platform dependent!
2016-10-27 16:06:01,857 [Worker-33] INFO  o.e.m.c.i.embedder.EclipseLogger - Copying 1 resource
2016-10-27 16:06:01,861 [Worker-33] WARN  o.e.m.c.i.embedder.EclipseLogger - Using platform encoding (MS949 actually) to copy filtered resources, i.e. build is platform dependent!
2016-10-27 16:06:01,862 [Worker-33] INFO  o.e.m.c.i.embedder.EclipseLogger - Copying 1 resource
2016-10-27 16:06:01,863 [Worker-33] INFO  o.e.m.w.i.f.ResourceFilteringBuildParticipant - Changed resources require a complete clean of filtered resources of final_project
2016-10-27 16:06:01,863 [Worker-33] INFO  o.e.m.w.i.f.ResourceFilteringBuildParticipant - Executing resource filtering for final_project
2016-10-27 16:06:01,866 [Worker-33] WARN  o.e.m.c.i.embedder.EclipseLogger - Using platform encoding (MS949 actually) to copy filtered resources, i.e. build is platform dependent!
2016-10-27 16:06:52,435 [Worker-29] WARN  o.e.m.c.i.embedder.EclipseLogger - Using platform encoding (MS949 actually) to copy filtered resources, i.e. build is platform dependent!
2016-10-27 16:06:52,437 [Worker-29] INFO  o.e.m.c.i.embedder.EclipseLogger - Copying 1 resource
2016-10-27 16:06:52,438 [Worker-29] WARN  o.e.m.c.i.embedder.EclipseLogger - Using platform encoding (MS949 actually) to copy filtered resources, i.e. build is platform dependent!
2016-10-27 16:06:52,438 [Worker-29] INFO  o.e.m.c.i.embedder.EclipseLogger - Copying 0 resource
2016-10-27 16:06:58,892 [Worker-26] WARN  o.e.m.c.i.embedder.EclipseLogger - Using platform encoding (MS949 actually) to copy filtered resources, i.e. build is platform dependent!
2016-10-27 16:06:58,893 [Worker-26] INFO  o.e.m.c.i.embedder.EclipseLogger - Copying 1 resource
2016-10-27 16:06:58,894 [Worker-26] WARN  o.e.m.c.i.embedder.EclipseLogger - Using platform encoding (MS949 actually) to copy filtered resources, i.e. build is platform dependent!
2016-10-27 16:06:58,894 [Worker-26] INFO  o.e.m.c.i.embedder.EclipseLogger - Copying 0 resource
2016-10-27 16:07:20,487 [Worker-31] WARN  o.e.m.c.i.embedder.EclipseLogger - Using platform encoding (MS949 actually) to copy filtered resources, i.e. build is platform dependent!
2016-10-27 16:07:20,489 [Worker-31] INFO  o.e.m.c.i.embedder.EclipseLogger - Copying 1 resource
2016-10-27 16:07:20,490 [Worker-31] WARN  o.e.m.c.i.embedder.EclipseLogger - Using platform encoding (MS949 actually) to copy filtered resources, i.e. build is platform dependent!
2016-10-27 16:07:20,490 [Worker-31] INFO  o.e.m.c.i.embedder.EclipseLogger - Copying 0 resource
2016-10-27 16:07:30,683 [Worker-32] WARN  o.e.m.c.i.embedder.EclipseLogger - Using platform encoding (MS949 actually) to copy filtered resources, i.e. build is platform dependent!
2016-10-27 16:07:30,684 [Worker-32] INFO  o.e.m.c.i.embedder.EclipseLogger - Copying 1 resource
2016-10-27 16:07:30,685 [Worker-32] WARN  o.e.m.c.i.embedder.EclipseLogger - Using platform encoding (MS949 actually) to copy filtered resources, i.e. build is platform dependent!
2016-10-27 16:07:30,686 [Worker-32] INFO  o.e.m.c.i.embedder.EclipseLogger - Copying 0 resource
2016-10-27 16:07:40,791 [Worker-30] WARN  o.e.m.c.i.embedder.EclipseLogger - Using platform encoding (MS949 actually) to copy filtered resources, i.e. build is platform dependent!
2016-10-27 16:07:40,792 [Worker-30] INFO  o.e.m.c.i.embedder.EclipseLogger - Copying 1 resource
2016-10-27 16:07:40,793 [Worker-30] WARN  o.e.m.c.i.embedder.EclipseLogger - Using platform encoding (MS949 actually) to copy filtered resources, i.e. build is platform dependent!
2016-10-27 16:07:40,794 [Worker-30] INFO  o.e.m.c.i.embedder.EclipseLogger - Copying 0 resource
2016-10-27 16:07:56,297 [Worker-4] WARN  o.e.m.c.i.embedder.EclipseLogger - Using platform encoding (MS949 actually) to copy filtered resources, i.e. build is platform dependent!
2016-10-27 16:07:56,298 [Worker-4] INFO  o.e.m.c.i.embedder.EclipseLogger - Copying 1 resource
2016-10-27 16:07:56,298 [Worker-4] WARN  o.e.m.c.i.embedder.EclipseLogger - Using platform encoding (MS949 actually) to copy filtered resources, i.e. build is platform dependent!
2016-10-27 16:07:56,299 [Worker-4] INFO  o.e.m.c.i.embedder.EclipseLogger - Copying 0 resource
2016-10-27 16:07:59,072 [Worker-34] WARN  o.e.m.c.i.embedder.EclipseLogger - Using platform encoding (MS949 actually) to copy filtered resources, i.e. build is platform dependent!
2016-10-27 16:07:59,074 [Worker-34] INFO  o.e.m.c.i.embedder.EclipseLogger - Copying 1 resource
2016-10-27 16:07:59,075 [Worker-34] WARN  o.e.m.c.i.embedder.EclipseLogger - Using platform encoding (MS949 actually) to copy filtered resources, i.e. build is platform dependent!
2016-10-27 16:07:59,075 [Worker-34] INFO  o.e.m.c.i.embedder.EclipseLogger - Copying 0 resource
2016-10-27 16:08:06,129 [Worker-4] WARN  o.e.m.c.i.embedder.EclipseLogger - Using platform encoding (MS949 actually) to copy filtered resources, i.e. build is platform dependent!
2016-10-27 16:08:06,130 [Worker-4] INFO  o.e.m.c.i.embedder.EclipseLogger - Copying 1 resource
2016-10-27 16:08:06,130 [Worker-4] WARN  o.e.m.c.i.embedder.EclipseLogger - Using platform encoding (MS949 actually) to copy filtered resources, i.e. build is platform dependent!
2016-10-27 16:08:06,131 [Worker-4] INFO  o.e.m.c.i.embedder.EclipseLogger - Copying 0 resource
2016-10-27 16:08:13,341 [Worker-33] WARN  o.e.m.c.i.embedder.EclipseLogger - Using platform encoding (MS949 actually) to copy filtered resources, i.e. build is platform dependent!
2016-10-27 16:08:13,342 [Worker-33] INFO  o.e.m.c.i.embedder.EclipseLogger - Copying 1 resource
2016-10-27 16:08:13,343 [Worker-33] WARN  o.e.m.c.i.embedder.EclipseLogger - Using platform encoding (MS949 actually) to copy filtered resources, i.e. build is platform dependent!
2016-10-27 16:08:13,344 [Worker-33] INFO  o.e.m.c.i.embedder.EclipseLogger - Copying 0 resource
2016-10-27 16:08:15,500 [Worker-29] WARN  o.e.m.c.i.embedder.EclipseLogger - Using platform encoding (MS949 actually) to copy filtered resources, i.e. build is platform dependent!
2016-10-27 16:08:15,501 [Worker-29] INFO  o.e.m.c.i.embedder.EclipseLogger - Copying 1 resource
2016-10-27 16:08:15,502 [Worker-29] WARN  o.e.m.c.i.embedder.EclipseLogger - Using platform encoding (MS949 actually) to copy filtered resources, i.e. build is platform dependent!
2016-10-27 16:08:15,502 [Worker-29] INFO  o.e.m.c.i.embedder.EclipseLogger - Copying 0 resource
2016-10-27 16:08:27,911 [Worker-33] WARN  o.e.m.c.i.embedder.EclipseLogger - Using platform encoding (MS949 actually) to copy filtered resources, i.e. build is platform dependent!
2016-10-27 16:08:27,912 [Worker-33] INFO  o.e.m.c.i.embedder.EclipseLogger - Copying 0 resource
2016-10-27 16:08:27,912 [Worker-33] WARN  o.e.m.c.i.embedder.EclipseLogger - Using platform encoding (MS949 actually) to copy filtered resources, i.e. build is platform dependent!
2016-10-27 16:08:27,912 [Worker-33] INFO  o.e.m.c.i.embedder.EclipseLogger - Copying 0 resource
2016-10-27 16:10:36,681 [Worker-30] WARN  o.e.m.c.i.embedder.EclipseLogger - Using platform encoding (MS949 actually) to copy filtered resources, i.e. build is platform dependent!
2016-10-27 16:10:36,682 [Worker-30] INFO  o.e.m.c.i.embedder.EclipseLogger - Copying 0 resource
2016-10-27 16:10:36,682 [Worker-30] WARN  o.e.m.c.i.embedder.EclipseLogger - Using platform encoding (MS949 actually) to copy filtered resources, i.e. build is platform dependent!
2016-10-27 16:10:36,683 [Worker-30] INFO  o.e.m.c.i.embedder.EclipseLogger - Copying 0 resource
2016-10-27 16:13:51,431 [Worker-37] WARN  o.e.m.c.i.embedder.EclipseLogger - Using platform encoding (MS949 actually) to copy filtered resources, i.e. build is platform dependent!
2016-10-27 16:13:51,432 [Worker-37] INFO  o.e.m.c.i.embedder.EclipseLogger - Copying 1 resource
2016-10-27 16:13:51,433 [Worker-37] WARN  o.e.m.c.i.embedder.EclipseLogger - Using platform encoding (MS949 actually) to copy filtered resources, i.e. build is platform dependent!
2016-10-27 16:13:51,433 [Worker-37] INFO  o.e.m.c.i.embedder.EclipseLogger - Copying 0 resource
2016-10-27 16:13:53,583 [Worker-31] WARN  o.e.m.c.i.embedder.EclipseLogger - Using platform encoding (MS949 actually) to copy filtered resources, i.e. build is platform dependent!
2016-10-27 16:13:53,584 [Worker-31] INFO  o.e.m.c.i.embedder.EclipseLogger - Copying 0 resource
2016-10-27 16:13:53,586 [Worker-31] WARN  o.e.m.c.i.embedder.EclipseLogger - Using platform encoding (MS949 actually) to copy filtered resources, i.e. build is platform dependent!
2016-10-27 16:13:53,587 [Worker-31] INFO  o.e.m.c.i.embedder.EclipseLogger - Copying 0 resource
2016-10-27 16:15:24,437 [Worker-28] INFO  o.e.m.c.i.l.LifecycleMappingFactory - Using org.maven.ide.eclipse.wtp.WarLifecycleMapping lifecycle mapping for MavenProject: com.remind:controller:1.0.0-BUILD-SNAPSHOT @ C:\sts-bundle\final\final_project\pom.xml.
2016-10-27 16:15:24,884 [Worker-28] WARN  o.e.m.c.i.embedder.EclipseLogger - Using platform encoding (MS949 actually) to copy filtered resources, i.e. build is platform dependent!
2016-10-27 16:15:24,886 [Worker-28] INFO  o.e.m.c.i.embedder.EclipseLogger - Copying 0 resource
2016-10-27 16:15:24,887 [Worker-28] WARN  o.e.m.c.i.embedder.EclipseLogger - Using platform encoding (MS949 actually) to copy filtered resources, i.e. build is platform dependent!
2016-10-27 16:15:24,887 [Worker-28] INFO  o.e.m.c.i.embedder.EclipseLogger - Copying 0 resource
2016-10-27 16:15:24,887 [Worker-28] INFO  o.e.m.w.i.f.ResourceFilteringBuildParticipant - Changed resources require a complete clean of filtered resources of final_project
2016-10-27 16:15:24,887 [Worker-28] INFO  o.e.m.w.i.f.ResourceFilteringBuildParticipant - Executing resource filtering for final_project
2016-10-27 16:15:24,889 [Worker-28] WARN  o.e.m.c.i.embedder.EclipseLogger - Using platform encoding (MS949 actually) to copy filtered resources, i.e. build is platform dependent!
2016-10-27 16:15:26,681 [Worker-34] WARN  o.e.m.c.i.embedder.EclipseLogger - Using platform encoding (MS949 actually) to copy filtered resources, i.e. build is platform dependent!
2016-10-27 16:15:26,683 [Worker-34] INFO  o.e.m.c.i.embedder.EclipseLogger - Copying 1 resource
2016-10-27 16:15:26,688 [Worker-34] WARN  o.e.m.c.i.embedder.EclipseLogger - Using platform encoding (MS949 actually) to copy filtered resources, i.e. build is platform dependent!
2016-10-27 16:15:26,688 [Worker-34] INFO  o.e.m.c.i.embedder.EclipseLogger - Copying 1 resource
2016-10-27 16:15:28,852 [Worker-36] INFO  o.e.m.c.i.p.ProjectConfigurationManager - Update started
2016-10-27 16:15:28,980 [Worker-36] INFO  o.e.m.c.i.l.LifecycleMappingFactory - Using org.maven.ide.eclipse.wtp.WarLifecycleMapping lifecycle mapping for MavenProject: com.remind:controller:1.0.0-BUILD-SNAPSHOT @ C:\sts-bundle\final\final_project\pom.xml.
2016-10-27 16:15:29,390 [Worker-36] INFO  o.e.m.j.i.AbstractJavaProjectConfigurator - Adding source folder /final_project/src/main/java
2016-10-27 16:15:29,390 [Worker-36] INFO  o.e.m.j.i.AbstractJavaProjectConfigurator - Adding resource folder /final_project/src/main/resources
2016-10-27 16:15:29,391 [Worker-36] INFO  o.e.m.j.i.AbstractJavaProjectConfigurator - Adding source folder /final_project/src/test/java
2016-10-27 16:15:29,391 [Worker-36] INFO  o.e.m.j.i.AbstractJavaProjectConfigurator - Adding resource folder /final_project/src/test/resources
2016-10-27 16:15:29,617 [Worker-36] INFO  o.e.m.w.i.f.ResourceFilteringBuildParticipant - Cleaning filtered folder for final_project
2016-10-27 16:15:29,634 [Worker-36] INFO  o.e.m.c.i.p.ProjectConfigurationManager - Update completed: 0 sec
2016-10-27 16:15:30,465 [Worker-40] WARN  o.e.m.c.i.embedder.EclipseLogger - Using platform encoding (MS949 actually) to copy filtered resources, i.e. build is platform dependent!
2016-10-27 16:15:30,467 [Worker-40] INFO  o.e.m.c.i.embedder.EclipseLogger - Copying 1 resource
2016-10-27 16:15:30,472 [Worker-40] WARN  o.e.m.c.i.embedder.EclipseLogger - Using platform encoding (MS949 actually) to copy filtered resources, i.e. build is platform dependent!
2016-10-27 16:15:30,474 [Worker-40] INFO  o.e.m.c.i.embedder.EclipseLogger - Copying 1 resource
2016-10-27 16:15:30,475 [Worker-40] INFO  o.e.m.w.i.f.ResourceFilteringBuildParticipant - Changed resources require a complete clean of filtered resources of final_project
2016-10-27 16:15:30,475 [Worker-40] INFO  o.e.m.w.i.f.ResourceFilteringBuildParticipant - Executing resource filtering for final_project
2016-10-27 16:15:30,478 [Worker-40] WARN  o.e.m.c.i.embedder.EclipseLogger - Using platform encoding (MS949 actually) to copy filtered resources, i.e. build is platform dependent!
